<?xml version="1.0" encoding="UTF-8"?>
<!-- Generated by org.testng.reporters.JUnitXMLReporter -->
<testsuite hostname="LAPTOP-3785COIL" name="SFDCv02 POM Test suite" tests="19" failures="1" timestamp="15 Oct 2020 15:30:40 GMT" time="593.782" errors="0">
  <testcase name="checkForLoginPageAppeared" time="0.066" classname="com.qa.tests.LoginTest"/>
  <testcase name="loginSfdc" time="81.146" classname="com.qa.tests.LoginTest"/>
  <testcase name="searchAccount" time="6.313" classname="com.qa.tests.HomePageTest"/>
  <testcase name="validateLogin" time="1.139" classname="com.qa.tests.AccountTest"/>
  <testcase name="createAccountUsingDataProvider" time="12.167" classname="com.qa.tests.AccountTest"/>
  <testcase name="createAccountUsingDataProvider" time="8.506" classname="com.qa.tests.AccountTest"/>
  <testcase name="createAccountUsingDataProvider" time="8.847" classname="com.qa.tests.AccountTest"/>
  <testcase name="createAccountUsingDataProvider" time="8.82" classname="com.qa.tests.AccountTest"/>
  <testcase name="createAccountUsingDataProvider" time="8.78" classname="com.qa.tests.AccountTest"/>
  <testcase name="createAccountUsingDataProvider" time="8.63" classname="com.qa.tests.AccountTest"/>
  <testcase name="createAccountUsingDataProvider" time="8.552" classname="com.qa.tests.AccountTest"/>
  <testcase name="createAccountUsingDataProvider" time="8.444" classname="com.qa.tests.AccountTest"/>
  <testcase name="createAccountUsingDataProvider" time="8.932" classname="com.qa.tests.AccountTest"/>
  <testcase name="createAccountUsingDataProvider" time="8.422" classname="com.qa.tests.AccountTest"/>
  <testcase name="createAccountUsingDataProvider" time="2.504" classname="com.qa.tests.AccountTest"/>
  <testcase name="searchAccount" time="0.556" classname="com.qa.tests.AccountTest"/>
  <testcase name="createContact" time="120.911" classname="com.qa.tests.AccountTest"/>
  <testcase name="goToContactsPage" time="0.715" classname="com.qa.tests.ContactsTest"/>
  <testcase name="searchContact" time="3.937" classname="com.qa.tests.ContactsTest">
    <failure type="java.lang.AssertionError" message="Contact Search failed">
      <![CDATA[java.lang.AssertionError: Contact Search failed
	at com.qa.tests.ContactsTest.searchContact(ContactsTest.java:63)
	at org.apache.maven.surefire.testng.TestNGExecutor.run(TestNGExecutor.java:283)
	at org.apache.maven.surefire.testng.TestNGXmlTestSuite.execute(TestNGXmlTestSuite.java:75)
	at org.apache.maven.surefire.testng.TestNGProvider.invoke(TestNGProvider.java:120)
	at org.apache.maven.surefire.util.ReflectionUtils.invokeMethodWithArray2(ReflectionUtils.java:206)
	at org.apache.maven.surefire.booter.ProviderFactory$ProviderProxy.invoke(ProviderFactory.java:161)
	at org.apache.maven.surefire.booter.ProviderFactory.invokeProvider(ProviderFactory.java:84)
	at org.apache.maven.plugin.surefire.InPluginVMSurefireStarter.runSuitesInProcess(InPluginVMSurefireStarter.java:87)
	at org.apache.maven.plugin.surefire.AbstractSurefireMojo.executeProvider(AbstractSurefireMojo.java:1166)
	at org.apache.maven.plugin.surefire.AbstractSurefireMojo.executeAfterPreconditionsChecked(AbstractSurefireMojo.java:1011)
	at org.apache.maven.plugin.surefire.AbstractSurefireMojo.execute(AbstractSurefireMojo.java:857)
	at org.apache.maven.plugin.DefaultBuildPluginManager.executeMojo(DefaultBuildPluginManager.java:137)
	at org.apache.maven.lifecycle.internal.MojoExecutor.execute(MojoExecutor.java:210)
	at org.apache.maven.lifecycle.internal.MojoExecutor.execute(MojoExecutor.java:156)
	at org.apache.maven.lifecycle.internal.MojoExecutor.execute(MojoExecutor.java:148)
	at org.apache.maven.lifecycle.internal.LifecycleModuleBuilder.buildProject(LifecycleModuleBuilder.java:117)
	at org.apache.maven.lifecycle.internal.LifecycleModuleBuilder.buildProject(LifecycleModuleBuilder.java:81)
	at org.apache.maven.lifecycle.internal.builder.singlethreaded.SingleThreadedBuilder.build(SingleThreadedBuilder.java:56)
	at org.apache.maven.lifecycle.internal.LifecycleStarter.execute(LifecycleStarter.java:128)
	at org.apache.maven.DefaultMaven.doExecute(DefaultMaven.java:305)
	at org.apache.maven.DefaultMaven.doExecute(DefaultMaven.java:192)
	at org.apache.maven.DefaultMaven.execute(DefaultMaven.java:105)
	at org.jvnet.hudson.maven3.launcher.Maven35Launcher.main(Maven35Launcher.java:130)
	at org.codehaus.plexus.classworlds.launcher.Launcher.launchEnhanced(Launcher.java:282)
	at org.codehaus.plexus.classworlds.launcher.Launcher.launch(Launcher.java:225)
	at jenkins.maven3.agent.Maven35Main.launch(Maven35Main.java:176)
	at hudson.maven.Maven3Builder.call(Maven3Builder.java:139)
	at hudson.maven.Maven3Builder.call(Maven3Builder.java:70)
	at hudson.remoting.UserRequest.perform(UserRequest.java:211)
	at hudson.remoting.UserRequest.perform(UserRequest.java:54)
	at hudson.remoting.Request$2.run(Request.java:375)
	at hudson.remoting.InterceptingExecutorService$1.call(InterceptingExecutorService.java:73)
	at java.util.concurrent.FutureTask.run(FutureTask.java:266)
	at java.util.concurrent.ThreadPoolExecutor.runWorker(ThreadPoolExecutor.java:1149)
	at java.util.concurrent.ThreadPoolExecutor$Worker.run(ThreadPoolExecutor.java:624)
	at java.lang.Thread.run(Thread.java:748)
... Removed 34 stack frames]]>
    </failure>
  </testcase> <!-- searchContact -->
</testsuite> <!-- SFDCv02 POM Test suite -->
