<html>
<head>
<title>TestNG:  SFDCv02 POM Test suite</title>
<link href="../testng.css" rel="stylesheet" type="text/css" />
<link href="../my-testng.css" rel="stylesheet" type="text/css" />

<style type="text/css">
.log { display: none;} 
.stack-trace { display: none;} 
</style>
<script type="text/javascript">
<!--
function flip(e) {
  current = e.style.display;
  if (current == 'block') {
    e.style.display = 'none';
    return 0;
  }
  else {
    e.style.display = 'block';
    return 1;
  }
}

function toggleBox(szDivId, elem, msg1, msg2)
{
  var res = -1;  if (document.getElementById) {
    res = flip(document.getElementById(szDivId));
  }
  else if (document.all) {
    // this is the way old msie versions work
    res = flip(document.all[szDivId]);
  }
  if(elem) {
    if(res == 0) elem.innerHTML = msg1; else elem.innerHTML = msg2;
  }

}

function toggleAllBoxes() {
  if (document.getElementsByTagName) {
    d = document.getElementsByTagName('div');
    for (i = 0; i < d.length; i++) {
      if (d[i].className == 'log') {
        flip(d[i]);
      }
    }
  }
}

// -->
</script>

</head>
<body>
<h2 align='center'>SFDCv02 POM Test suite</h2><table border='1' align="center">
<tr>
<td>Tests passed/Failed/Skipped:</td><td>18/1/0</td>
</tr><tr>
<td>Started on:</td><td>Thu Oct 15 20:50:46 IST 2020</td>
</tr>
<tr><td>Total time:</td><td>593 seconds (593782 ms)</td>
</tr><tr>
<td>Included groups:</td><td></td>
</tr><tr>
<td>Excluded groups:</td><td></td>
</tr>
</table><p/>
<small><i>(Hover the method name to see the test class name)</i></small><p/>
<table width='100%' border='1' class='invocation-failed'>
<tr><td colspan='4' align='center'><b>FAILED TESTS</b></td></tr>
<tr><td><b>Test method</b></td>
<td width="30%"><b>Exception</b></td>
<td width="10%"><b>Time (seconds)</b></td>
<td><b>Instance</b></td>
</tr>
<tr>
<td title='com.qa.tests.ContactsTest.searchContact()'><b>searchContact</b><br>Test class: com.qa.tests.ContactsTest</td>
<td><div><pre>java.lang.AssertionError: Contact Search failed
	at com.qa.tests.ContactsTest.searchContact(ContactsTest.java:63)
	at org.apache.maven.surefire.testng.TestNGExecutor.run(TestNGExecutor.java:283)
	at org.apache.maven.surefire.testng.TestNGXmlTestSuite.execute(TestNGXmlTestSuite.java:75)
	at org.apache.maven.surefire.testng.TestNGProvider.invoke(TestNGProvider.java:120)
	at org.apache.maven.surefire.util.ReflectionUtils.invokeMethodWithArray2(ReflectionUtils.java:206)
	at org.apache.maven.surefire.booter.ProviderFactory$ProviderProxy.invoke(ProviderFactory.java:161)
	at org.apache.maven.surefire.booter.ProviderFactory.invokeProvider(ProviderFactory.java:84)
	at org.apache.maven.plugin.surefire.InPluginVMSurefireStarter.runSuitesInProcess(InPluginVMSurefireStarter.java:87)
	at org.apache.maven.plugin.surefire.AbstractSurefireMojo.executeProvider(AbstractSurefireMojo.java:1166)
	at org.apache.maven.plugin.surefire.AbstractSurefireMojo.executeAfterPreconditionsChecked(AbstractSurefireMojo.java:1011)
	at org.apache.maven.plugin.surefire.AbstractSurefireMojo.execute(AbstractSurefireMojo.java:857)
	at org.apache.maven.plugin.DefaultBuildPluginManager.executeMojo(DefaultBuildPluginManager.java:137)
	at org.apache.maven.lifecycle.internal.MojoExecutor.execute(MojoExecutor.java:210)
	at org.apache.maven.lifecycle.internal.MojoExecutor.execute(MojoExecutor.java:156)
	at org.apache.maven.lifecycle.internal.MojoExecutor.execute(MojoExecutor.java:148)
	at org.apache.maven.lifecycle.internal.LifecycleModuleBuilder.buildProject(LifecycleModuleBuilder.java:117)
	at org.apache.maven.lifecycle.internal.LifecycleModuleBuilder.buildProject(LifecycleModuleBuilder.java:81)
	at org.apache.maven.lifecycle.internal.builder.singlethreaded.SingleThreadedBuilder.build(SingleThreadedBuilder.java:56)
	at org.apache.maven.lifecycle.internal.LifecycleStarter.execute(LifecycleStarter.java:128)
	at org.apache.maven.DefaultMaven.doExecute(DefaultMaven.java:305)
	at org.apache.maven.DefaultMaven.doExecute(DefaultMaven.java:192)
	at org.apache.maven.DefaultMaven.execute(DefaultMaven.java:105)
	at org.jvnet.hudson.maven3.launcher.Maven35Launcher.main(Maven35Launcher.java:130)
	at org.codehaus.plexus.classworlds.launcher.Launcher.launchEnhanced(Launcher.java:282)
	at org.codehaus.plexus.classworlds.launcher.Launcher.launch(Launcher.java:225)
	at jenkins.maven3.agent.Maven35Main.launch(Maven35Main.java:176)
	at hudson.maven.Maven3Builder.call(Maven3Builder.java:139)
	at hudson.maven.Maven3Builder.call(Maven3Builder.java:70)
	at hudson.remoting.UserRequest.perform(UserRequest.java:211)
	at hudson.remoting.UserRequest.perform(UserRequest.java:54)
	at hudson.remoting.Request$2.run(Request.java:375)
	at hudson.remoting.InterceptingExecutorService$1.call(InterceptingExecutorService.java:73)
	at java.util.concurrent.FutureTask.run(FutureTask.java:266)
	at java.util.concurrent.ThreadPoolExecutor.runWorker(ThreadPoolExecutor.java:1149)
	at java.util.concurrent.ThreadPoolExecutor$Worker.run(ThreadPoolExecutor.java:624)
	at java.lang.Thread.run(Thread.java:748)
... Removed 34 stack frames</pre></div><a href='#' onClick='toggleBox("stack-trace210062356", this, "Click to show all stack frames", "Click to hide stack frames")'>Click to show all stack frames</a>
<div class='stack-trace' id='stack-trace210062356'><pre>java.lang.AssertionError: Contact Search failed
	at org.testng.Assert.fail(Assert.java:94)
	at com.qa.tests.ContactsTest.searchContact(ContactsTest.java:63)
	at sun.reflect.NativeMethodAccessorImpl.invoke0(Native Method)
	at sun.reflect.NativeMethodAccessorImpl.invoke(NativeMethodAccessorImpl.java:62)
	at sun.reflect.DelegatingMethodAccessorImpl.invoke(DelegatingMethodAccessorImpl.java:43)
	at java.lang.reflect.Method.invoke(Method.java:498)
	at org.testng.internal.MethodInvocationHelper.invokeMethod(MethodInvocationHelper.java:80)
	at org.testng.internal.Invoker.invokeMethod(Invoker.java:714)
	at org.testng.internal.Invoker.invokeTestMethod(Invoker.java:901)
	at org.testng.internal.Invoker.invokeTestMethods(Invoker.java:1231)
	at org.testng.internal.TestMethodWorker.invokeTestMethods(TestMethodWorker.java:127)
	at org.testng.internal.TestMethodWorker.run(TestMethodWorker.java:111)
	at org.testng.TestRunner.privateRun(TestRunner.java:767)
	at org.testng.TestRunner.run(TestRunner.java:617)
	at org.testng.SuiteRunner.runTest(SuiteRunner.java:334)
	at org.testng.SuiteRunner.runSequentially(SuiteRunner.java:329)
	at org.testng.SuiteRunner.privateRun(SuiteRunner.java:291)
	at org.testng.SuiteRunner.run(SuiteRunner.java:240)
	at org.testng.SuiteRunnerWorker.runSuite(SuiteRunnerWorker.java:52)
	at org.testng.SuiteRunnerWorker.run(SuiteRunnerWorker.java:86)
	at org.testng.TestNG.runSuitesSequentially(TestNG.java:1198)
	at org.testng.TestNG.runSuitesLocally(TestNG.java:1123)
	at org.testng.TestNG.run(TestNG.java:1031)
	at org.apache.maven.surefire.testng.TestNGExecutor.run(TestNGExecutor.java:283)
	at org.apache.maven.surefire.testng.TestNGXmlTestSuite.execute(TestNGXmlTestSuite.java:75)
	at org.apache.maven.surefire.testng.TestNGProvider.invoke(TestNGProvider.java:120)
	at sun.reflect.NativeMethodAccessorImpl.invoke0(Native Method)
	at sun.reflect.NativeMethodAccessorImpl.invoke(NativeMethodAccessorImpl.java:62)
	at sun.reflect.DelegatingMethodAccessorImpl.invoke(DelegatingMethodAccessorImpl.java:43)
	at java.lang.reflect.Method.invoke(Method.java:498)
	at org.apache.maven.surefire.util.ReflectionUtils.invokeMethodWithArray2(ReflectionUtils.java:206)
	at org.apache.maven.surefire.booter.ProviderFactory$ProviderProxy.invoke(ProviderFactory.java:161)
	at org.apache.maven.surefire.booter.ProviderFactory.invokeProvider(ProviderFactory.java:84)
	at org.apache.maven.plugin.surefire.InPluginVMSurefireStarter.runSuitesInProcess(InPluginVMSurefireStarter.java:87)
	at org.apache.maven.plugin.surefire.AbstractSurefireMojo.executeProvider(AbstractSurefireMojo.java:1166)
	at org.apache.maven.plugin.surefire.AbstractSurefireMojo.executeAfterPreconditionsChecked(AbstractSurefireMojo.java:1011)
	at org.apache.maven.plugin.surefire.AbstractSurefireMojo.execute(AbstractSurefireMojo.java:857)
	at org.apache.maven.plugin.DefaultBuildPluginManager.executeMojo(DefaultBuildPluginManager.java:137)
	at org.apache.maven.lifecycle.internal.MojoExecutor.execute(MojoExecutor.java:210)
	at org.apache.maven.lifecycle.internal.MojoExecutor.execute(MojoExecutor.java:156)
	at org.apache.maven.lifecycle.internal.MojoExecutor.execute(MojoExecutor.java:148)
	at org.apache.maven.lifecycle.internal.LifecycleModuleBuilder.buildProject(LifecycleModuleBuilder.java:117)
	at org.apache.maven.lifecycle.internal.LifecycleModuleBuilder.buildProject(LifecycleModuleBuilder.java:81)
	at org.apache.maven.lifecycle.internal.builder.singlethreaded.SingleThreadedBuilder.build(SingleThreadedBuilder.java:56)
	at org.apache.maven.lifecycle.internal.LifecycleStarter.execute(LifecycleStarter.java:128)
	at org.apache.maven.DefaultMaven.doExecute(DefaultMaven.java:305)
	at org.apache.maven.DefaultMaven.doExecute(DefaultMaven.java:192)
	at org.apache.maven.DefaultMaven.execute(DefaultMaven.java:105)
	at org.jvnet.hudson.maven3.launcher.Maven35Launcher.main(Maven35Launcher.java:130)
	at sun.reflect.NativeMethodAccessorImpl.invoke0(Native Method)
	at sun.reflect.NativeMethodAccessorImpl.invoke(NativeMethodAccessorImpl.java:62)
	at sun.reflect.DelegatingMethodAccessorImpl.invoke(DelegatingMethodAccessorImpl.java:43)
	at java.lang.reflect.Method.invoke(Method.java:498)
	at org.codehaus.plexus.classworlds.launcher.Launcher.launchEnhanced(Launcher.java:282)
	at org.codehaus.plexus.classworlds.launcher.Launcher.launch(Launcher.java:225)
	at jenkins.maven3.agent.Maven35Main.launch(Maven35Main.java:176)
	at sun.reflect.NativeMethodAccessorImpl.invoke0(Native Method)
	at sun.reflect.NativeMethodAccessorImpl.invoke(NativeMethodAccessorImpl.java:62)
	at sun.reflect.DelegatingMethodAccessorImpl.invoke(DelegatingMethodAccessorImpl.java:43)
	at java.lang.reflect.Method.invoke(Method.java:498)
	at hudson.maven.Maven3Builder.call(Maven3Builder.java:139)
	at hudson.maven.Maven3Builder.call(Maven3Builder.java:70)
	at hudson.remoting.UserRequest.perform(UserRequest.java:211)
	at hudson.remoting.UserRequest.perform(UserRequest.java:54)
	at hudson.remoting.Request$2.run(Request.java:375)
	at hudson.remoting.InterceptingExecutorService$1.call(InterceptingExecutorService.java:73)
	at java.util.concurrent.FutureTask.run(FutureTask.java:266)
	at java.util.concurrent.ThreadPoolExecutor.runWorker(ThreadPoolExecutor.java:1149)
	at java.util.concurrent.ThreadPoolExecutor$Worker.run(ThreadPoolExecutor.java:624)
	at java.lang.Thread.run(Thread.java:748)
</pre></div></td>
<td>3</td>
<td>com.qa.tests.ContactsTest@5d5450a3</td></tr>
</table><p>
<table width='100%' border='1' class='invocation-passed'>
<tr><td colspan='4' align='center'><b>PASSED TESTS</b></td></tr>
<tr><td><b>Test method</b></td>
<td width="30%"><b>Exception</b></td>
<td width="10%"><b>Time (seconds)</b></td>
<td><b>Instance</b></td>
</tr>
<tr>
<td title='com.qa.tests.LoginTest.checkForLoginPageAppeared()'><b>checkForLoginPageAppeared</b><br>Test class: com.qa.tests.LoginTest</td>
<td></td>
<td>0</td>
<td>com.qa.tests.LoginTest@68ede6c9</td></tr>
<tr>
<td title='com.qa.tests.AccountTest.createAccountUsingDataProvider()'><b>createAccountUsingDataProvider</b><br>Test class: com.qa.tests.AccountTest<br>Parameters: Agasthya Telelinks-01, Investor, 4.5465465454E10, Communications, 555.0</td>
<td></td>
<td>12</td>
<td>com.qa.tests.AccountTest@b0094a2</td></tr>
<tr>
<td title='com.qa.tests.AccountTest.createAccountUsingDataProvider()'><b>createAccountUsingDataProvider</b><br>Test class: com.qa.tests.AccountTest<br>Parameters: Agasthya Agro-01, Investor, 4.5465465455E10, Agriculture, 566.0</td>
<td></td>
<td>8</td>
<td>com.qa.tests.AccountTest@b0094a2</td></tr>
<tr>
<td title='com.qa.tests.AccountTest.createAccountUsingDataProvider()'><b>createAccountUsingDataProvider</b><br>Test class: com.qa.tests.AccountTest<br>Parameters: Agasthya Group of Banks-01, Customer, 4.5465465456E10, Banking, 577.0</td>
<td></td>
<td>8</td>
<td>com.qa.tests.AccountTest@b0094a2</td></tr>
<tr>
<td title='com.qa.tests.AccountTest.createAccountUsingDataProvider()'><b>createAccountUsingDataProvider</b><br>Test class: com.qa.tests.AccountTest<br>Parameters: Agasthya BioTech-01, Partner, 4.5465465457E10, Biotechnology, 588.0</td>
<td></td>
<td>8</td>
<td>com.qa.tests.AccountTest@b0094a2</td></tr>
<tr>
<td title='com.qa.tests.AccountTest.createAccountUsingDataProvider()'><b>createAccountUsingDataProvider</b><br>Test class: com.qa.tests.AccountTest<br>Parameters: Agasthya Labs-01, Press, 4.5465465458E10, Chemicals, 599.0</td>
<td></td>
<td>8</td>
<td>com.qa.tests.AccountTest@b0094a2</td></tr>
<tr>
<td title='com.qa.tests.AccountTest.createAccountUsingDataProvider()'><b>createAccountUsingDataProvider</b><br>Test class: com.qa.tests.AccountTest<br>Parameters: Agasthya Electrnoics-01, Prospect, 4.5465465459E10, Electronics, 610.0</td>
<td></td>
<td>8</td>
<td>com.qa.tests.AccountTest@b0094a2</td></tr>
<tr>
<td title='com.qa.tests.AccountTest.createAccountUsingDataProvider()'><b>createAccountUsingDataProvider</b><br>Test class: com.qa.tests.AccountTest<br>Parameters: Agasthya Const-01, Reseller, 4.546546546E10, Construction, 621.0</td>
<td></td>
<td>8</td>
<td>com.qa.tests.AccountTest@b0094a2</td></tr>
<tr>
<td title='com.qa.tests.AccountTest.createAccountUsingDataProvider()'><b>createAccountUsingDataProvider</b><br>Test class: com.qa.tests.AccountTest<br>Parameters: Agasthya Finances-01, Competitor, 4.5465465461E10, Finance, 632.0</td>
<td></td>
<td>8</td>
<td>com.qa.tests.AccountTest@b0094a2</td></tr>
<tr>
<td title='com.qa.tests.AccountTest.createAccountUsingDataProvider()'><b>createAccountUsingDataProvider</b><br>Test class: com.qa.tests.AccountTest<br>Parameters: Agasthya Group of Educations-01, Analyst, 4.5465465462E10, Education, 643.0</td>
<td></td>
<td>8</td>
<td>com.qa.tests.AccountTest@b0094a2</td></tr>
<tr>
<td title='com.qa.tests.AccountTest.createAccountUsingDataProvider()'><b>createAccountUsingDataProvider</b><br>Test class: com.qa.tests.AccountTest<br>Parameters: Agasthya Healths-01, Partner, 4.5465465463E10, Healthcare, 654.0</td>
<td></td>
<td>8</td>
<td>com.qa.tests.AccountTest@b0094a2</td></tr>
<tr>
<td title='com.qa.tests.AccountTest.createAccountUsingDataProvider()'><b>createAccountUsingDataProvider</b><br>Test class: com.qa.tests.AccountTest<br>Parameters: Agasthya Industries-01, Investor, 4.5465465464E10, Manufacturing, 665.0</td>
<td></td>
<td>2</td>
<td>com.qa.tests.AccountTest@b0094a2</td></tr>
<tr>
<td title='com.qa.tests.AccountTest.createContact()'><b>createContact</b><br>Test class: com.qa.tests.AccountTest</td>
<td></td>
<td>120</td>
<td>com.qa.tests.AccountTest@b0094a2</td></tr>
<tr>
<td title='com.qa.tests.ContactsTest.goToContactsPage()'><b>goToContactsPage</b><br>Test class: com.qa.tests.ContactsTest</td>
<td></td>
<td>0</td>
<td>com.qa.tests.ContactsTest@5d5450a3</td></tr>
<tr>
<td title='com.qa.tests.LoginTest.loginSfdc()'><b>loginSfdc</b><br>Test class: com.qa.tests.LoginTest</td>
<td></td>
<td>81</td>
<td>com.qa.tests.LoginTest@68ede6c9</td></tr>
<tr>
<td title='com.qa.tests.HomePageTest.searchAccount()'><b>searchAccount</b><br>Test class: com.qa.tests.HomePageTest</td>
<td></td>
<td>6</td>
<td>com.qa.tests.HomePageTest@4c58c839</td></tr>
<tr>
<td title='com.qa.tests.AccountTest.searchAccount()'><b>searchAccount</b><br>Test class: com.qa.tests.AccountTest</td>
<td></td>
<td>0</td>
<td>com.qa.tests.AccountTest@b0094a2</td></tr>
<tr>
<td title='com.qa.tests.AccountTest.validateLogin()'><b>validateLogin</b><br>Test class: com.qa.tests.AccountTest</td>
<td></td>
<td>1</td>
<td>com.qa.tests.AccountTest@b0094a2</td></tr>
</table><p>
</body>
</html>