<?xml version="1.0" encoding="UTF-8"?>
<!-- Generated by org.testng.reporters.JUnitXMLReporter -->
<testsuite hostname="LAPTOP-3785COIL" name="SFDC Tests" tests="10" failures="0" timestamp="26 Aug 2019 10:52:29 GMT" time="135.134" errors="0">
  <testcase name="@BeforeMethod testBaseline" time="0.0" classname="com.sfdc.qa.tests.AccountsTest">
    <failure type="org.openqa.selenium.ElementClickInterceptedException" message="element click intercepted: Element &amp;lt;one-app-nav-bar-item-root one-appnavbar_appnavbar=&amp;quot;&amp;quot; data-id=&amp;quot;home&amp;quot; data-assistive-id=&amp;quot;operationId&amp;quot; aria-hidden=&amp;quot;false&amp;quot; draggable=&amp;quot;true&amp;quot; class=&amp;quot;navItem slds-context-bar__item slds-shrink-none&amp;quot; role=&amp;quot;listitem&amp;quot;&amp;gt;&amp;lt;/one-app-nav-bar-item-root&amp;gt; is not clickable at point (164, 162). Other element would receive the click: &amp;lt;div class=&amp;quot;panel slds-modal transitioning movetocenter&amp;quot; aria-labelledby=&amp;quot;title_11452:0&amp;quot; aria-describedby=&amp;quot;content_11452:0&amp;quot; tabindex=&amp;quot;-1&amp;quot; role=&amp;quot;dialog&amp;quot; aria-modal=&amp;quot;true&amp;quot; data-aura-rendered-by=&amp;quot;11467:0&amp;quot; style=&amp;quot;opacity: 0;&amp;quot;&amp;gt;...&amp;lt;/div&amp;gt;
  (Session info: chrome=76.0.3809.100)
Build info: version: &amp;apos;3.141.59&amp;apos;, revision: &amp;apos;e82be7d358&amp;apos;, time: &amp;apos;2018-11-14T08:17:03&amp;apos;
System info: host: &amp;apos;LAPTOP-3785COIL&amp;apos;, ip: &amp;apos;192.168.0.102&amp;apos;, os.name: &amp;apos;Windows 10&amp;apos;, os.arch: &amp;apos;amd64&amp;apos;, os.version: &amp;apos;10.0&amp;apos;, java.version: &amp;apos;1.8.0_201&amp;apos;
Driver info: org.openqa.selenium.chrome.ChromeDriver
Capabilities {acceptInsecureCerts: false, browserName: chrome, browserVersion: 76.0.3809.100, chrome: {chromedriverVersion: 76.0.3809.68 (420c9498db8ce..., userDataDir: C:\Users\dhanr\AppData\Loca...}, goog:chromeOptions: {debuggerAddress: localhost:52166}, javascriptEnabled: true, networkConnectionEnabled: false, pageLoadStrategy: normal, platform: XP, platformName: XP, proxy: Proxy(), setWindowRect: true, strictFileInteractability: false, timeouts: {implicit: 0, pageLoad: 300000, script: 30000}, unhandledPromptBehavior: dismiss and notify}
Session ID: cb80bbad0658ad4529e3a3cd8a928bde">
      <![CDATA[org.openqa.selenium.ElementClickInterceptedException: element click intercepted: Element <one-app-nav-bar-item-root one-appnavbar_appnavbar="" data-id="home" data-assistive-id="operationId" aria-hidden="false" draggable="true" class="navItem slds-context-bar__item slds-shrink-none" role="listitem"></one-app-nav-bar-item-root> is not clickable at point (164, 162). Other element would receive the click: <div class="panel slds-modal transitioning movetocenter" aria-labelledby="title_11452:0" aria-describedby="content_11452:0" tabindex="-1" role="dialog" aria-modal="true" data-aura-rendered-by="11467:0" style="opacity: 0;">...</div>
  (Session info: chrome=76.0.3809.100)
Build info: version: '3.141.59', revision: 'e82be7d358', time: '2018-11-14T08:17:03'
System info: host: 'LAPTOP-3785COIL', ip: '192.168.0.102', os.name: 'Windows 10', os.arch: 'amd64', os.version: '10.0', java.version: '1.8.0_201'
Driver info: org.openqa.selenium.chrome.ChromeDriver
Capabilities {acceptInsecureCerts: false, browserName: chrome, browserVersion: 76.0.3809.100, chrome: {chromedriverVersion: 76.0.3809.68 (420c9498db8ce..., userDataDir: C:\Users\dhanr\AppData\Loca...}, goog:chromeOptions: {debuggerAddress: localhost:52166}, javascriptEnabled: true, networkConnectionEnabled: false, pageLoadStrategy: normal, platform: XP, platformName: XP, proxy: Proxy(), setWindowRect: true, strictFileInteractability: false, timeouts: {implicit: 0, pageLoad: 300000, script: 30000}, unhandledPromptBehavior: dismiss and notify}
Session ID: cb80bbad0658ad4529e3a3cd8a928bde
	at org.openqa.selenium.remote.http.W3CHttpResponseCodec.createException(W3CHttpResponseCodec.java:187)
	at org.openqa.selenium.remote.http.W3CHttpResponseCodec.decode(W3CHttpResponseCodec.java:122)
	at org.openqa.selenium.remote.http.W3CHttpResponseCodec.decode(W3CHttpResponseCodec.java:49)
	at org.openqa.selenium.remote.HttpCommandExecutor.execute(HttpCommandExecutor.java:158)
	at org.openqa.selenium.remote.service.DriverCommandExecutor.execute(DriverCommandExecutor.java:83)
	at org.openqa.selenium.remote.RemoteWebDriver.execute(RemoteWebDriver.java:552)
	at org.openqa.selenium.remote.RemoteWebElement.execute(RemoteWebElement.java:285)
	at org.openqa.selenium.remote.RemoteWebElement.click(RemoteWebElement.java:84)
	at org.openqa.selenium.support.events.EventFiringWebDriver$EventFiringWebElement.lambda$new$0(EventFiringWebDriver.java:404)
	at com.sun.proxy.$Proxy16.click(Unknown Source)
	at org.openqa.selenium.support.events.EventFiringWebDriver$EventFiringWebElement.click(EventFiringWebDriver.java:417)
	at org.openqa.selenium.support.pagefactory.internal.LocatingElementHandler.invoke(LocatingElementHandler.java:51)
	at com.sun.proxy.$Proxy15.click(Unknown Source)
	at com.sfdc.qa.pages.HomePage.clickOnHomeTab(HomePage.java:81)
	at com.sfdc.qa.tests.AccountsTest.testBaseline(AccountsTest.java:56)
... Removed 36 stack frames]]>
    </failure>
  </testcase> <!-- @BeforeMethod testBaseline -->
  <testcase name="@BeforeMethod testBaseline" time="0.0" classname="com.sfdc.qa.tests.AccountsTest">
    <skipped/>
  </testcase> <!-- @BeforeMethod testBaseline -->
  <testcase name="@BeforeMethod testBaseline" time="0.0" classname="com.sfdc.qa.tests.AccountsTest">
    <skipped/>
  </testcase> <!-- @BeforeMethod testBaseline -->
  <testcase name="@AfterTest teardown" time="0.0" classname="com.sfdc.qa.tests.AccountsTest">
    <skipped/>
  </testcase> <!-- @AfterTest teardown -->
  <testcase name="loginPageTitleValidation" time="0.011" classname="com.sfdc.qa.tests.LoginTest"/>
  <testcase name="loginToSFDC" time="30.103" classname="com.sfdc.qa.tests.LoginTest"/>
  <testcase name="tabValidation" time="2.726" classname="com.sfdc.qa.tests.LoginTest"/>
  <testcase name="clickOnAllAccounts" time="1.826" classname="com.sfdc.qa.tests.AccountsTest"/>
  <testcase name="createNewAccounts" time="13.434" classname="com.sfdc.qa.tests.AccountsTest"/>
  <testcase name="createNewAccounts" time="13.547" classname="com.sfdc.qa.tests.AccountsTest"/>
  <testcase name="createNewAccounts" time="13.304" classname="com.sfdc.qa.tests.AccountsTest"/>
  <testcase name="createNewAccounts" time="0.001" classname="com.sfdc.qa.tests.AccountsTest">
    <skipped/>
  </testcase> <!-- createNewAccounts -->
  <testcase name="createNewAccounts" time="0.001" classname="com.sfdc.qa.tests.AccountsTest">
    <skipped/>
  </testcase> <!-- createNewAccounts -->
  <testcase name="createNewAccounts" time="0.001" classname="com.sfdc.qa.tests.AccountsTest">
    <skipped/>
  </testcase> <!-- createNewAccounts -->
</testsuite> <!-- SFDC Tests -->
