<html>
<head>
<title>TestNG:  SFDC Tests</title>
<link href="../testng.css" rel="stylesheet" type="text/css" />
<link href="../my-testng.css" rel="stylesheet" type="text/css" />

<style type="text/css">
.log { display: none;} 
.stack-trace { display: none;} 
</style>
<script type="text/javascript">
<!--
function flip(e) {
  current = e.style.display;
  if (current == 'block') {
    e.style.display = 'none';
    return 0;
  }
  else {
    e.style.display = 'block';
    return 1;
  }
}

function toggleBox(szDivId, elem, msg1, msg2)
{
  var res = -1;  if (document.getElementById) {
    res = flip(document.getElementById(szDivId));
  }
  else if (document.all) {
    // this is the way old msie versions work
    res = flip(document.all[szDivId]);
  }
  if(elem) {
    if(res == 0) elem.innerHTML = msg1; else elem.innerHTML = msg2;
  }

}

function toggleAllBoxes() {
  if (document.getElementsByTagName) {
    d = document.getElementsByTagName('div');
    for (i = 0; i < d.length; i++) {
      if (d[i].className == 'log') {
        flip(d[i]);
      }
    }
  }
}

// -->
</script>

</head>
<body>
<h2 align='center'>SFDC Tests</h2><table border='1' align="center">
<tr>
<td>Tests passed/Failed/Skipped:</td><td>7/0/3</td>
</tr><tr>
<td>Started on:</td><td>Mon Aug 26 16:20:14 IST 2019</td>
</tr>
<tr><td>Total time:</td><td>135 seconds (135134 ms)</td>
</tr><tr>
<td>Included groups:</td><td></td>
</tr><tr>
<td>Excluded groups:</td><td></td>
</tr>
</table><p/>
<small><i>(Hover the method name to see the test class name)</i></small><p/>
<table width='100%' border='1' class='invocation-failed'>
<tr><td colspan='4' align='center'><b>FAILED CONFIGURATIONS</b></td></tr>
<tr><td><b>Test method</b></td>
<td width="30%"><b>Exception</b></td>
<td width="10%"><b>Time (seconds)</b></td>
<td><b>Instance</b></td>
</tr>
<tr>
<td title='com.sfdc.qa.tests.AccountsTest.testBaseline()'><b>testBaseline</b><br>Test class: com.sfdc.qa.tests.AccountsTest</td>
<td><div><pre>org.openqa.selenium.ElementClickInterceptedException: element click intercepted: Element &lt;one-app-nav-bar-item-root one-appnavbar_appnavbar=&quot;&quot; data-id=&quot;home&quot; data-assistive-id=&quot;operationId&quot; aria-hidden=&quot;false&quot; draggable=&quot;true&quot; class=&quot;navItem slds-context-bar__item slds-shrink-none&quot; role=&quot;listitem&quot;&gt;&lt;/one-app-nav-bar-item-root&gt; is not clickable at point (164, 162). Other element would receive the click: &lt;div class=&quot;panel slds-modal transitioning movetocenter&quot; aria-labelledby=&quot;title_11452:0&quot; aria-describedby=&quot;content_11452:0&quot; tabindex=&quot;-1&quot; role=&quot;dialog&quot; aria-modal=&quot;true&quot; data-aura-rendered-by=&quot;11467:0&quot; style=&quot;opacity: 0;&quot;&gt;...&lt;/div&gt;
  (Session info: chrome=76.0.3809.100)
Build info: version: &apos;3.141.59&apos;, revision: &apos;e82be7d358&apos;, time: &apos;2018-11-14T08:17:03&apos;
System info: host: &apos;LAPTOP-3785COIL&apos;, ip: &apos;192.168.0.102&apos;, os.name: &apos;Windows 10&apos;, os.arch: &apos;amd64&apos;, os.version: &apos;10.0&apos;, java.version: &apos;1.8.0_201&apos;
Driver info: org.openqa.selenium.chrome.ChromeDriver
Capabilities {acceptInsecureCerts: false, browserName: chrome, browserVersion: 76.0.3809.100, chrome: {chromedriverVersion: 76.0.3809.68 (420c9498db8ce..., userDataDir: C:\Users\dhanr\AppData\Loca...}, goog:chromeOptions: {debuggerAddress: localhost:52166}, javascriptEnabled: true, networkConnectionEnabled: false, pageLoadStrategy: normal, platform: XP, platformName: XP, proxy: Proxy(), setWindowRect: true, strictFileInteractability: false, timeouts: {implicit: 0, pageLoad: 300000, script: 30000}, unhandledPromptBehavior: dismiss and notify}
Session ID: cb80bbad0658ad4529e3a3cd8a928bde
	at org.openqa.selenium.remote.http.W3CHttpResponseCodec.createException(W3CHttpResponseCodec.java:187)
	at org.openqa.selenium.remote.http.W3CHttpResponseCodec.decode(W3CHttpResponseCodec.java:122)
	at org.openqa.selenium.remote.http.W3CHttpResponseCodec.decode(W3CHttpResponseCodec.java:49)
	at org.openqa.selenium.remote.HttpCommandExecutor.execute(HttpCommandExecutor.java:158)
	at org.openqa.selenium.remote.service.DriverCommandExecutor.execute(DriverCommandExecutor.java:83)
	at org.openqa.selenium.remote.RemoteWebDriver.execute(RemoteWebDriver.java:552)
	at org.openqa.selenium.remote.RemoteWebElement.execute(RemoteWebElement.java:285)
	at org.openqa.selenium.remote.RemoteWebElement.click(RemoteWebElement.java:84)
	at org.openqa.selenium.support.events.EventFiringWebDriver$EventFiringWebElement.lambda$new$0(EventFiringWebDriver.java:404)
	at com.sun.proxy.$Proxy16.click(Unknown Source)
	at org.openqa.selenium.support.events.EventFiringWebDriver$EventFiringWebElement.click(EventFiringWebDriver.java:417)
	at org.openqa.selenium.support.pagefactory.internal.LocatingElementHandler.invoke(LocatingElementHandler.java:51)
	at com.sun.proxy.$Proxy15.click(Unknown Source)
	at com.sfdc.qa.pages.HomePage.clickOnHomeTab(HomePage.java:81)
	at com.sfdc.qa.tests.AccountsTest.testBaseline(AccountsTest.java:56)
... Removed 36 stack frames</pre></div><a href='#' onClick='toggleBox("stack-trace190153364", this, "Click to show all stack frames", "Click to hide stack frames")'>Click to show all stack frames</a>
<div class='stack-trace' id='stack-trace190153364'><pre>org.openqa.selenium.ElementClickInterceptedException: element click intercepted: Element &lt;one-app-nav-bar-item-root one-appnavbar_appnavbar=&quot;&quot; data-id=&quot;home&quot; data-assistive-id=&quot;operationId&quot; aria-hidden=&quot;false&quot; draggable=&quot;true&quot; class=&quot;navItem slds-context-bar__item slds-shrink-none&quot; role=&quot;listitem&quot;&gt;&lt;/one-app-nav-bar-item-root&gt; is not clickable at point (164, 162). Other element would receive the click: &lt;div class=&quot;panel slds-modal transitioning movetocenter&quot; aria-labelledby=&quot;title_11452:0&quot; aria-describedby=&quot;content_11452:0&quot; tabindex=&quot;-1&quot; role=&quot;dialog&quot; aria-modal=&quot;true&quot; data-aura-rendered-by=&quot;11467:0&quot; style=&quot;opacity: 0;&quot;&gt;...&lt;/div&gt;
  (Session info: chrome=76.0.3809.100)
Build info: version: &apos;3.141.59&apos;, revision: &apos;e82be7d358&apos;, time: &apos;2018-11-14T08:17:03&apos;
System info: host: &apos;LAPTOP-3785COIL&apos;, ip: &apos;192.168.0.102&apos;, os.name: &apos;Windows 10&apos;, os.arch: &apos;amd64&apos;, os.version: &apos;10.0&apos;, java.version: &apos;1.8.0_201&apos;
Driver info: org.openqa.selenium.chrome.ChromeDriver
Capabilities {acceptInsecureCerts: false, browserName: chrome, browserVersion: 76.0.3809.100, chrome: {chromedriverVersion: 76.0.3809.68 (420c9498db8ce..., userDataDir: C:\Users\dhanr\AppData\Loca...}, goog:chromeOptions: {debuggerAddress: localhost:52166}, javascriptEnabled: true, networkConnectionEnabled: false, pageLoadStrategy: normal, platform: XP, platformName: XP, proxy: Proxy(), setWindowRect: true, strictFileInteractability: false, timeouts: {implicit: 0, pageLoad: 300000, script: 30000}, unhandledPromptBehavior: dismiss and notify}
Session ID: cb80bbad0658ad4529e3a3cd8a928bde
	at sun.reflect.NativeConstructorAccessorImpl.newInstance0(Native Method)
	at sun.reflect.NativeConstructorAccessorImpl.newInstance(NativeConstructorAccessorImpl.java:62)
	at sun.reflect.DelegatingConstructorAccessorImpl.newInstance(DelegatingConstructorAccessorImpl.java:45)
	at java.lang.reflect.Constructor.newInstance(Constructor.java:423)
	at org.openqa.selenium.remote.http.W3CHttpResponseCodec.createException(W3CHttpResponseCodec.java:187)
	at org.openqa.selenium.remote.http.W3CHttpResponseCodec.decode(W3CHttpResponseCodec.java:122)
	at org.openqa.selenium.remote.http.W3CHttpResponseCodec.decode(W3CHttpResponseCodec.java:49)
	at org.openqa.selenium.remote.HttpCommandExecutor.execute(HttpCommandExecutor.java:158)
	at org.openqa.selenium.remote.service.DriverCommandExecutor.execute(DriverCommandExecutor.java:83)
	at org.openqa.selenium.remote.RemoteWebDriver.execute(RemoteWebDriver.java:552)
	at org.openqa.selenium.remote.RemoteWebElement.execute(RemoteWebElement.java:285)
	at org.openqa.selenium.remote.RemoteWebElement.click(RemoteWebElement.java:84)
	at sun.reflect.GeneratedMethodAccessor4.invoke(Unknown Source)
	at sun.reflect.DelegatingMethodAccessorImpl.invoke(DelegatingMethodAccessorImpl.java:43)
	at java.lang.reflect.Method.invoke(Method.java:498)
	at org.openqa.selenium.support.events.EventFiringWebDriver$EventFiringWebElement.lambda$new$0(EventFiringWebDriver.java:404)
	at com.sun.proxy.$Proxy16.click(Unknown Source)
	at org.openqa.selenium.support.events.EventFiringWebDriver$EventFiringWebElement.click(EventFiringWebDriver.java:417)
	at sun.reflect.GeneratedMethodAccessor4.invoke(Unknown Source)
	at sun.reflect.DelegatingMethodAccessorImpl.invoke(DelegatingMethodAccessorImpl.java:43)
	at java.lang.reflect.Method.invoke(Method.java:498)
	at org.openqa.selenium.support.pagefactory.internal.LocatingElementHandler.invoke(LocatingElementHandler.java:51)
	at com.sun.proxy.$Proxy15.click(Unknown Source)
	at com.sfdc.qa.pages.HomePage.clickOnHomeTab(HomePage.java:81)
	at com.sfdc.qa.tests.AccountsTest.testBaseline(AccountsTest.java:56)
	at sun.reflect.NativeMethodAccessorImpl.invoke0(Native Method)
	at sun.reflect.NativeMethodAccessorImpl.invoke(NativeMethodAccessorImpl.java:62)
	at sun.reflect.DelegatingMethodAccessorImpl.invoke(DelegatingMethodAccessorImpl.java:43)
	at java.lang.reflect.Method.invoke(Method.java:498)
	at org.testng.internal.MethodInvocationHelper.invokeMethod(MethodInvocationHelper.java:80)
	at org.testng.internal.Invoker.invokeConfigurationMethod(Invoker.java:564)
	at org.testng.internal.Invoker.invokeConfigurations(Invoker.java:213)
	at org.testng.internal.Invoker.invokeMethod(Invoker.java:653)
	at org.testng.internal.Invoker.invokeTestMethod(Invoker.java:901)
	at org.testng.internal.Invoker.invokeTestMethods(Invoker.java:1231)
	at org.testng.internal.TestMethodWorker.invokeTestMethods(TestMethodWorker.java:127)
	at org.testng.internal.TestMethodWorker.run(TestMethodWorker.java:111)
	at org.testng.TestRunner.privateRun(TestRunner.java:767)
	at org.testng.TestRunner.run(TestRunner.java:617)
	at org.testng.SuiteRunner.runTest(SuiteRunner.java:334)
	at org.testng.SuiteRunner.runSequentially(SuiteRunner.java:329)
	at org.testng.SuiteRunner.privateRun(SuiteRunner.java:291)
	at org.testng.SuiteRunner.run(SuiteRunner.java:240)
	at org.testng.SuiteRunnerWorker.runSuite(SuiteRunnerWorker.java:52)
	at org.testng.SuiteRunnerWorker.run(SuiteRunnerWorker.java:86)
	at org.testng.TestNG.runSuitesSequentially(TestNG.java:1198)
	at org.testng.TestNG.runSuitesLocally(TestNG.java:1123)
	at org.testng.TestNG.run(TestNG.java:1031)
	at org.testng.remote.AbstractRemoteTestNG.run(AbstractRemoteTestNG.java:114)
	at org.testng.remote.RemoteTestNG.initAndRun(RemoteTestNG.java:251)
	at org.testng.remote.RemoteTestNG.main(RemoteTestNG.java:77)
</pre></div></td>
<td>0</td>
<td>com.sfdc.qa.tests.AccountsTest@39c0f4a</td></tr>
</table><p>
<table width='100%' border='1' class='invocation-skipped'>
<tr><td colspan='4' align='center'><b>SKIPPED CONFIGURATIONS</b></td></tr>
<tr><td><b>Test method</b></td>
<td width="30%"><b>Exception</b></td>
<td width="10%"><b>Time (seconds)</b></td>
<td><b>Instance</b></td>
</tr>
<tr>
<td title='com.sfdc.qa.tests.AccountsTest.testBaseline()'><b>testBaseline</b><br>Test class: com.sfdc.qa.tests.AccountsTest</td>
<td></td>
<td>0</td>
<td>com.sfdc.qa.tests.AccountsTest@39c0f4a</td></tr>
<tr>
<td title='com.sfdc.qa.tests.AccountsTest.testBaseline()'><b>testBaseline</b><br>Test class: com.sfdc.qa.tests.AccountsTest</td>
<td></td>
<td>0</td>
<td>com.sfdc.qa.tests.AccountsTest@39c0f4a</td></tr>
<tr>
<td title='com.sfdc.qa.tests.AccountsTest.teardown()'><b>teardown</b><br>Test class: com.sfdc.qa.tests.AccountsTest</td>
<td></td>
<td>0</td>
<td>null</td></tr>
</table><p>
<table width='100%' border='1' class='invocation-passed'>
<tr><td colspan='4' align='center'><b>PASSED TESTS</b></td></tr>
<tr><td><b>Test method</b></td>
<td width="30%"><b>Exception</b></td>
<td width="10%"><b>Time (seconds)</b></td>
<td><b>Instance</b></td>
</tr>
<tr>
<td title='com.sfdc.qa.tests.AccountsTest.clickOnAllAccounts()'><b>clickOnAllAccounts</b><br>Test class: com.sfdc.qa.tests.AccountsTest</td>
<td></td>
<td>1</td>
<td>com.sfdc.qa.tests.AccountsTest@39c0f4a</td></tr>
<tr>
<td title='com.sfdc.qa.tests.AccountsTest.createNewAccounts()'><b>createNewAccounts</b><br>Test class: com.sfdc.qa.tests.AccountsTest<br>Parameters: AutoAug-01, 9.611388003E9, Other, 1000.0, Construction</td>
<td></td>
<td>13</td>
<td>com.sfdc.qa.tests.AccountsTest@39c0f4a</td></tr>
<tr>
<td title='com.sfdc.qa.tests.AccountsTest.createNewAccounts()'><b>createNewAccounts</b><br>Test class: com.sfdc.qa.tests.AccountsTest<br>Parameters: AutoAug-02, 9.611388004E9, Analyst, 2000.0, Communications</td>
<td></td>
<td>13</td>
<td>com.sfdc.qa.tests.AccountsTest@39c0f4a</td></tr>
<tr>
<td title='com.sfdc.qa.tests.AccountsTest.createNewAccounts()'><b>createNewAccounts</b><br>Test class: com.sfdc.qa.tests.AccountsTest<br>Parameters: AutoAug-03, 9.611388005E9, Customer, 3000.0, Finance</td>
<td></td>
<td>13</td>
<td>com.sfdc.qa.tests.AccountsTest@39c0f4a</td></tr>
<tr>
<td title='com.sfdc.qa.tests.LoginTest.loginPageTitleValidation()'><b>loginPageTitleValidation</b><br>Test class: com.sfdc.qa.tests.LoginTest</td>
<td></td>
<td>0</td>
<td>com.sfdc.qa.tests.LoginTest@1bce4f0a</td></tr>
<tr>
<td title='com.sfdc.qa.tests.LoginTest.loginToSFDC()'><b>loginToSFDC</b><br>Test class: com.sfdc.qa.tests.LoginTest</td>
<td></td>
<td>30</td>
<td>com.sfdc.qa.tests.LoginTest@1bce4f0a</td></tr>
<tr>
<td title='com.sfdc.qa.tests.LoginTest.tabValidation()'><b>tabValidation</b><br>Test class: com.sfdc.qa.tests.LoginTest</td>
<td></td>
<td>2</td>
<td>com.sfdc.qa.tests.LoginTest@1bce4f0a</td></tr>
</table><p>
<table width='100%' border='1' class='invocation-skipped'>
<tr><td colspan='4' align='center'><b>SKIPPED TESTS</b></td></tr>
<tr><td><b>Test method</b></td>
<td width="30%"><b>Exception</b></td>
<td width="10%"><b>Time (seconds)</b></td>
<td><b>Instance</b></td>
</tr>
<tr>
<td title='com.sfdc.qa.tests.AccountsTest.createNewAccounts()'><b>createNewAccounts</b><br>Test class: com.sfdc.qa.tests.AccountsTest<br>Parameters: AutoAug-04, 9.611388006E9, Fucker, 4000.0, Recreation</td>
<td></td>
<td>0</td>
<td>com.sfdc.qa.tests.AccountsTest@39c0f4a</td></tr>
<tr>
<td title='com.sfdc.qa.tests.AccountsTest.createNewAccounts()'><b>createNewAccounts</b><br>Test class: com.sfdc.qa.tests.AccountsTest<br>Parameters: AutoAug-05, 9.611388007E9, Competitor, 5000.0, Not For Profit</td>
<td></td>
<td>0</td>
<td>com.sfdc.qa.tests.AccountsTest@39c0f4a</td></tr>
<tr>
<td title='com.sfdc.qa.tests.AccountsTest.createNewAccounts()'><b>createNewAccounts</b><br>Test class: com.sfdc.qa.tests.AccountsTest<br>Parameters: AutoAug-06, 9.611388008E9, Competitor, 5000.0, Not For Profit</td>
<td></td>
<td>0</td>
<td>com.sfdc.qa.tests.AccountsTest@39c0f4a</td></tr>
</table><p>
</body>
</html>