<?xml version="1.0" encoding="UTF-8"?>
<!-- Generated by org.testng.reporters.JUnitReportReporter -->
<testsuite hostname="LAPTOP-3785COIL" name="com.qa.tests.TestAPIClients" tests="5" failures="1" timestamp="12 Nov 2019 15:01:02 GMT" time="2.947" errors="0">
  <testcase name="getHttpResponseANDStatusCode" time="1.561" classname="com.qa.tests.TestAPIClients"/>
  <testcase name="getHeadersofTheJSONResponse" time="0.468" classname="com.qa.tests.TestAPIClients"/>
  <testcase name="getJsonResponseByPassingHeaders" time="0.274" classname="com.qa.tests.TestAPIClients"/>
  <testcase name="getValueInArrayOfJSON" time="0.385" classname="com.qa.tests.TestAPIClients">
    <failure type="java.lang.ClassCastException" message="org.json.JSONObject cannot be cast to org.json.JSONArray">
      <![CDATA[java.lang.ClassCastException: org.json.JSONObject cannot be cast to org.json.JSONArray
	at com.qa.utils.TestUtils.getValueOfJPath(TestUtils.java:28)
	at com.qa.tests.TestAPIClients.getValueInArrayOfJSON(TestAPIClients.java:74)
	at sun.reflect.NativeMethodAccessorImpl.invoke0(Native Method)
	at sun.reflect.NativeMethodAccessorImpl.invoke(NativeMethodAccessorImpl.java:57)
	at sun.reflect.DelegatingMethodAccessorImpl.invoke(DelegatingMethodAccessorImpl.java:43)
	at java.lang.reflect.Method.invoke(Method.java:606)
	at org.testng.internal.MethodInvocationHelper.invokeMethod(MethodInvocationHelper.java:80)
	at org.testng.internal.Invoker.invokeMethod(Invoker.java:714)
	at org.testng.internal.Invoker.invokeTestMethod(Invoker.java:901)
	at org.testng.internal.Invoker.invokeTestMethods(Invoker.java:1231)
	at org.testng.internal.TestMethodWorker.invokeTestMethods(TestMethodWorker.java:127)
	at org.testng.internal.TestMethodWorker.run(TestMethodWorker.java:111)
	at org.testng.TestRunner.privateRun(TestRunner.java:767)
	at org.testng.TestRunner.run(TestRunner.java:617)
	at org.testng.SuiteRunner.runTest(SuiteRunner.java:334)
	at org.testng.SuiteRunner.runSequentially(SuiteRunner.java:329)
	at org.testng.SuiteRunner.privateRun(SuiteRunner.java:291)
	at org.testng.SuiteRunner.run(SuiteRunner.java:240)
	at org.testng.SuiteRunnerWorker.runSuite(SuiteRunnerWorker.java:52)
	at org.testng.SuiteRunnerWorker.run(SuiteRunnerWorker.java:86)
	at org.testng.TestNG.runSuitesSequentially(TestNG.java:1198)
	at org.testng.TestNG.runSuitesLocally(TestNG.java:1123)
	at org.testng.TestNG.run(TestNG.java:1031)
	at org.testng.remote.AbstractRemoteTestNG.run(AbstractRemoteTestNG.java:114)
	at org.testng.remote.RemoteTestNG.initAndRun(RemoteTestNG.java:251)
	at org.testng.remote.RemoteTestNG.main(RemoteTestNG.java:77)
]]>
    </failure>
  </testcase> <!-- getValueInArrayOfJSON -->
  <testcase name="getJsonResponse" time="0.259" classname="com.qa.tests.TestAPIClients"/>
</testsuite> <!-- com.qa.tests.TestAPIClients -->
